Determining if the include file coroutine exists failed with the following output:
Change Dir: /home/runner/app/build/CMakeFiles/CMakeTmp

Run Build Command(s):/nix/store/p30hamqm7fn0i7p8fq81d0ijv0gg0b9g-gnumake-4.3/bin/make -f Makefile cmTC_f0816/fast && /nix/store/p30hamqm7fn0i7p8fq81d0ijv0gg0b9g-gnumake-4.3/bin/make  -f CMakeFiles/cmTC_f0816.dir/build.make CMakeFiles/cmTC_f0816.dir/build
make[1]: Entering directory '/home/runner/app/build/CMakeFiles/CMakeTmp'
Building CXX object CMakeFiles/cmTC_f0816.dir/CheckIncludeFile.cxx.o
/nix/store/lhyf1i2n3xljp01rr6rl27fg391zgg33-gcc-wrapper-11.2.0/bin/g++    -o CMakeFiles/cmTC_f0816.dir/CheckIncludeFile.cxx.o -c /home/runner/app/build/CMakeFiles/CMakeTmp/CheckIncludeFile.cxx
In file included from /home/runner/app/build/CMakeFiles/CMakeTmp/CheckIncludeFile.cxx:1:
/nix/store/4rxyk7cs9srbng8l7vnqmbfyz3xif0vc-gcc-11.2.0/include/c++/11.2.0/coroutine:334:2: error: #error "the coroutine header requires -fcoroutines"
  334 | #error "the coroutine header requires -fcoroutines"
      |  ^~~~~
make[1]: *** [CMakeFiles/cmTC_f0816.dir/build.make:78: CMakeFiles/cmTC_f0816.dir/CheckIncludeFile.cxx.o] Error 1
make[1]: Leaving directory '/home/runner/app/build/CMakeFiles/CMakeTmp'
make: *** [Makefile:127: cmTC_f0816/fast] Error 2



Performing C++ SOURCE FILE Test CMAKE_HAVE_LIBC_PTHREAD failed with the following output:
Change Dir: /home/runner/app/build/CMakeFiles/CMakeTmp

Run Build Command(s):/nix/store/p30hamqm7fn0i7p8fq81d0ijv0gg0b9g-gnumake-4.3/bin/make -f Makefile cmTC_6888d/fast && /nix/store/p30hamqm7fn0i7p8fq81d0ijv0gg0b9g-gnumake-4.3/bin/make  -f CMakeFiles/cmTC_6888d.dir/build.make CMakeFiles/cmTC_6888d.dir/build
make[1]: Entering directory '/home/runner/app/build/CMakeFiles/CMakeTmp'
Building CXX object CMakeFiles/cmTC_6888d.dir/src.cxx.o
/nix/store/lhyf1i2n3xljp01rr6rl27fg391zgg33-gcc-wrapper-11.2.0/bin/g++ -DCMAKE_HAVE_LIBC_PTHREAD   -o CMakeFiles/cmTC_6888d.dir/src.cxx.o -c /home/runner/app/build/CMakeFiles/CMakeTmp/src.cxx
Linking CXX executable cmTC_6888d
/nix/store/c19pfwa36mw6xb30f2vi105nvs5956lv-cmake-3.21.2/bin/cmake -E cmake_link_script CMakeFiles/cmTC_6888d.dir/link.txt --verbose=1
/nix/store/lhyf1i2n3xljp01rr6rl27fg391zgg33-gcc-wrapper-11.2.0/bin/g++ CMakeFiles/cmTC_6888d.dir/src.cxx.o -o cmTC_6888d 
/nix/store/8pjwvcn5513hgq7g0v1192w17jsgn7k8-binutils-2.35.2/bin/ld: CMakeFiles/cmTC_6888d.dir/src.cxx.o: in function `main':
src.cxx:(.text.startup+0x23): undefined reference to `pthread_create'
/nix/store/8pjwvcn5513hgq7g0v1192w17jsgn7k8-binutils-2.35.2/bin/ld: src.cxx:(.text.startup+0x2c): undefined reference to `pthread_detach'
/nix/store/8pjwvcn5513hgq7g0v1192w17jsgn7k8-binutils-2.35.2/bin/ld: src.cxx:(.text.startup+0x35): undefined reference to `pthread_cancel'
/nix/store/8pjwvcn5513hgq7g0v1192w17jsgn7k8-binutils-2.35.2/bin/ld: src.cxx:(.text.startup+0x40): undefined reference to `pthread_join'
collect2: error: ld returned 1 exit status
make[1]: *** [CMakeFiles/cmTC_6888d.dir/build.make:99: cmTC_6888d] Error 1
make[1]: Leaving directory '/home/runner/app/build/CMakeFiles/CMakeTmp'
make: *** [Makefile:127: cmTC_6888d/fast] Error 2


Source file was:
#include <pthread.h>

static void* test_func(void* data)
{
  return data;
}

int main(void)
{
  pthread_t thread;
  pthread_create(&thread, NULL, test_func, NULL);
  pthread_detach(thread);
  pthread_cancel(thread);
  pthread_join(thread, NULL);
  pthread_atfork(NULL, NULL, NULL);
  pthread_exit(NULL);

  return 0;
}

Determining if the function pthread_create exists in the pthreads failed with the following output:
Change Dir: /home/runner/app/build/CMakeFiles/CMakeTmp

Run Build Command(s):/nix/store/p30hamqm7fn0i7p8fq81d0ijv0gg0b9g-gnumake-4.3/bin/make -f Makefile cmTC_7061b/fast && /nix/store/p30hamqm7fn0i7p8fq81d0ijv0gg0b9g-gnumake-4.3/bin/make  -f CMakeFiles/cmTC_7061b.dir/build.make CMakeFiles/cmTC_7061b.dir/build
make[1]: Entering directory '/home/runner/app/build/CMakeFiles/CMakeTmp'
Building CXX object CMakeFiles/cmTC_7061b.dir/CheckFunctionExists.cxx.o
/nix/store/lhyf1i2n3xljp01rr6rl27fg391zgg33-gcc-wrapper-11.2.0/bin/g++   -DCHECK_FUNCTION_EXISTS=pthread_create -o CMakeFiles/cmTC_7061b.dir/CheckFunctionExists.cxx.o -c /home/runner/app/build/CMakeFiles/CheckLibraryExists/CheckFunctionExists.cxx
Linking CXX executable cmTC_7061b
/nix/store/c19pfwa36mw6xb30f2vi105nvs5956lv-cmake-3.21.2/bin/cmake -E cmake_link_script CMakeFiles/cmTC_7061b.dir/link.txt --verbose=1
/nix/store/lhyf1i2n3xljp01rr6rl27fg391zgg33-gcc-wrapper-11.2.0/bin/g++  -DCHECK_FUNCTION_EXISTS=pthread_create CMakeFiles/cmTC_7061b.dir/CheckFunctionExists.cxx.o -o cmTC_7061b  -lpthreads 
/nix/store/8pjwvcn5513hgq7g0v1192w17jsgn7k8-binutils-2.35.2/bin/ld: cannot find -lpthreads
collect2: error: ld returned 1 exit status
make[1]: *** [CMakeFiles/cmTC_7061b.dir/build.make:99: cmTC_7061b] Error 1
make[1]: Leaving directory '/home/runner/app/build/CMakeFiles/CMakeTmp'
make: *** [Makefile:127: cmTC_7061b/fast] Error 2



